#
# There is insufficient memory for the Java Runtime Environment to continue.
# Native memory allocation (malloc) failed to allocate 1908208 bytes. Error detail: Chunk::new
# Possible reasons:
#   The system is out of physical RAM or swap space
#   This process is running with CompressedOops enabled, and the Java Heap may be blocking the growth of the native heap
# Possible solutions:
#   Reduce memory load on the system
#   Increase physical memory or swap space
#   Check if swap backing store is full
#   Decrease Java heap size (-Xmx/-Xms)
#   Decrease number of Java threads
#   Decrease Java thread stack sizes (-Xss)
#   Set larger code cache with -XX:ReservedCodeCacheSize=
#   JVM is running with Unscaled Compressed Oops mode in which the Java heap is
#     placed in the first 4GB address space. The Java Heap base address is the
#     maximum limit for the native heap growth. Please use -XX:HeapBaseMinAddress
#     to set the Java Heap base and to place the Java Heap above 4GB virtual address.
# This output file may be truncated or incomplete.
#
#  Out of Memory Error (arena.cpp:168), pid=24156, tid=22916
#
# JRE version: OpenJDK Runtime Environment Temurin-21.0.6+7 (21.0.6+7) (build 21.0.6+7-LTS)
# Java VM: OpenJDK 64-Bit Server VM Temurin-21.0.6+7 (21.0.6+7-LTS, mixed mode, sharing, tiered, compressed oops, compressed class ptrs, parallel gc, windows-amd64)
# No core dump will be written. Minidumps are not enabled by default on client versions of Windows
#

---------------  S U M M A R Y ------------

Command Line: --add-modules=ALL-SYSTEM --add-opens=java.base/java.util=ALL-UNNAMED --add-opens=java.base/java.lang=ALL-UNNAMED --add-opens=java.base/sun.nio.fs=ALL-UNNAMED -Declipse.application=org.eclipse.jdt.ls.core.id1 -Dosgi.bundles.defaultStartLevel=4 -Declipse.product=org.eclipse.jdt.ls.core.product -Djava.import.generatesMetadataFilesAtProjectRoot=false -DDetectVMInstallationsJob.disabled=true -Dfile.encoding=utf8 -XX:+UseParallelGC -XX:GCTimeRatio=4 -XX:AdaptiveSizePolicyWeight=90 -Dsun.zip.disableMemoryMapping=true -Xmx1G -Xms100m -Xlog:disable -javaagent:c:\Users\Deton\.vscode\extensions\redhat.java-1.41.1-win32-x64\lombok\lombok-1.18.36.jar -XX:+HeapDumpOnOutOfMemoryError -XX:HeapDumpPath=c:\Users\Deton\AppData\Roaming\Code\User\workspaceStorage\4756f08541124c34bd1d2c890ec52577\redhat.java -Daether.dependencyCollector.impl=bf c:\Users\Deton\.vscode\extensions\redhat.java-1.41.1-win32-x64\server\plugins\org.eclipse.equinox.launcher_1.7.0.v20250331-1702.jar -configuration c:\Users\Deton\AppData\Roaming\Code\User\globalStorage\redhat.java\1.41.1\config_win -data c:\Users\Deton\AppData\Roaming\Code\User\workspaceStorage\4756f08541124c34bd1d2c890ec52577\redhat.java\jdt_ws --pipe=\\.\pipe\lsp-d07f57c104b07f93118d18c29dc9bdfe-sock

Host: AMD Ryzen 5 5500                               , 12 cores, 15G,  Windows 11 , 64 bit Build 26100 (10.0.26100.3323)
Time: Tue Apr  8 12:17:26 2025 E. South America Standard Time elapsed time: 39.690939 seconds (0d 0h 0m 39s)

---------------  T H R E A D  ---------------

Current thread (0x000001dc897ce880):  JavaThread "C2 CompilerThread1" daemon [_thread_in_native, id=22916, stack(0x00000046dab00000,0x00000046dac00000) (1024K)]


Current CompileTask:
C2:39690 4380   !   4       org.eclipse.osgi.internal.loader.classpath.ClasspathManager::findClassImpl (343 bytes)

Stack: [0x00000046dab00000,0x00000046dac00000]
Native frames: (J=compiled Java code, j=interpreted, Vv=VM code, C=native code)
V  [jvm.dll+0x6cdee9]
V  [jvm.dll+0x8a83d1]
V  [jvm.dll+0x8aa8fe]
V  [jvm.dll+0x8aafe3]
V  [jvm.dll+0x27f706]
V  [jvm.dll+0xc500d]
V  [jvm.dll+0xc5543]
V  [jvm.dll+0x3b678c]
V  [jvm.dll+0x1e0009]
V  [jvm.dll+0x247b42]
V  [jvm.dll+0x246fcf]
V  [jvm.dll+0x1c75ee]
V  [jvm.dll+0x25685a]
V  [jvm.dll+0x254dfa]
V  [jvm.dll+0x3f0256]
V  [jvm.dll+0x851f8b]
V  [jvm.dll+0x6cc5ed]
C  [ucrtbase.dll+0x37b0]
C  [KERNEL32.DLL+0x2e8d7]
C  [ntdll.dll+0xbbf6c]


---------------  P R O C E S S  ---------------

Threads class SMR info:
_java_thread_list=0x000001dc895459d0, length=24, elements={
0x000001dc2c0fc060, 0x000001dc835544b0, 0x000001dc404ee7e0, 0x000001dc835583e0,
0x000001dc8355a1a0, 0x000001dc8355eb90, 0x000001dc8355c430, 0x000001dc83576a20,
0x000001dc8357cd00, 0x000001dc8355de70, 0x000001dc8355e500, 0x000001dc8355d7e0,
0x000001dc8355cac0, 0x000001dc8355b710, 0x000001dc8355bda0, 0x000001dc8355d150,
0x000001dc884e8950, 0x000001dc884eb740, 0x000001dc884eb0b0, 0x000001dc884e82c0,
0x000001dc884ec460, 0x000001dc897ce880, 0x000001dc884ea390, 0x000001dc88436af0
}

Java Threads: ( => current thread )
  0x000001dc2c0fc060 JavaThread "main"                              [_thread_blocked, id=23084, stack(0x00000046d8900000,0x00000046d8a00000) (1024K)]
  0x000001dc835544b0 JavaThread "Reference Handler"          daemon [_thread_blocked, id=24148, stack(0x00000046d8d00000,0x00000046d8e00000) (1024K)]
  0x000001dc404ee7e0 JavaThread "Finalizer"                  daemon [_thread_blocked, id=23824, stack(0x00000046d8e00000,0x00000046d8f00000) (1024K)]
  0x000001dc835583e0 JavaThread "Signal Dispatcher"          daemon [_thread_blocked, id=22692, stack(0x00000046d8f00000,0x00000046d9000000) (1024K)]
  0x000001dc8355a1a0 JavaThread "Attach Listener"            daemon [_thread_blocked, id=24172, stack(0x00000046d9000000,0x00000046d9100000) (1024K)]
  0x000001dc8355eb90 JavaThread "Service Thread"             daemon [_thread_blocked, id=24104, stack(0x00000046d9100000,0x00000046d9200000) (1024K)]
  0x000001dc8355c430 JavaThread "Monitor Deflation Thread"   daemon [_thread_blocked, id=22840, stack(0x00000046d9200000,0x00000046d9300000) (1024K)]
  0x000001dc83576a20 JavaThread "C2 CompilerThread0"         daemon [_thread_in_native, id=22888, stack(0x00000046d9300000,0x00000046d9400000) (1024K)]
  0x000001dc8357cd00 JavaThread "C1 CompilerThread0"         daemon [_thread_blocked, id=24072, stack(0x00000046d9400000,0x00000046d9500000) (1024K)]
  0x000001dc8355de70 JavaThread "Common-Cleaner"             daemon [_thread_blocked, id=24252, stack(0x00000046d9500000,0x00000046d9600000) (1024K)]
  0x000001dc8355e500 JavaThread "Notification Thread"        daemon [_thread_blocked, id=22848, stack(0x00000046d9700000,0x00000046d9800000) (1024K)]
  0x000001dc8355d7e0 JavaThread "Active Thread: Equinox Container: aad0c339-fe87-4c71-972c-edb9c8594f3d"        [_thread_blocked, id=24136, stack(0x00000046d9f00000,0x00000046da000000) (1024K)]
  0x000001dc8355cac0 JavaThread "Refresh Thread: Equinox Container: aad0c339-fe87-4c71-972c-edb9c8594f3d" daemon [_thread_blocked, id=15964, stack(0x00000046d9600000,0x00000046d9700000) (1024K)]
  0x000001dc8355b710 JavaThread "Framework Event Dispatcher: Equinox Container: aad0c339-fe87-4c71-972c-edb9c8594f3d" daemon [_thread_blocked, id=23384, stack(0x00000046da000000,0x00000046da100000) (1024K)]
  0x000001dc8355bda0 JavaThread "Start Level: Equinox Container: aad0c339-fe87-4c71-972c-edb9c8594f3d" daemon [_thread_in_native, id=24412, stack(0x00000046da100000,0x00000046da200000) (1024K)]
  0x000001dc8355d150 JavaThread "Bundle File Closer"         daemon [_thread_blocked, id=23880, stack(0x00000046da300000,0x00000046da400000) (1024K)]
  0x000001dc884e8950 JavaThread "SCR Component Actor"        daemon [_thread_blocked, id=24096, stack(0x00000046da500000,0x00000046da600000) (1024K)]
  0x000001dc884eb740 JavaThread "Worker-JM"                         [_thread_blocked, id=23412, stack(0x00000046da800000,0x00000046da900000) (1024K)]
  0x000001dc884eb0b0 JavaThread "JNA Cleaner"                daemon [_thread_blocked, id=24524, stack(0x00000046da700000,0x00000046da800000) (1024K)]
  0x000001dc884e82c0 JavaThread "Worker-0: Updating Maven Dependencies"        [_thread_blocked, id=23628, stack(0x00000046da600000,0x00000046da700000) (1024K)]
  0x000001dc884ec460 JavaThread "Worker-1: Repository registry initialization"        [_thread_in_vm, id=22984, stack(0x00000046da900000,0x00000046daa00000) (1024K)]
=>0x000001dc897ce880 JavaThread "C2 CompilerThread1"         daemon [_thread_in_native, id=22916, stack(0x00000046dab00000,0x00000046dac00000) (1024K)]
  0x000001dc884ea390 JavaThread "Worker-2"                          [_thread_blocked, id=24528, stack(0x00000046dac00000,0x00000046dad00000) (1024K)]
  0x000001dc88436af0 JavaThread "C2 CompilerThread2"         daemon [_thread_in_native, id=23020, stack(0x00000046dad00000,0x00000046dae00000) (1024K)]
Total: 24

Other Threads:
  0x000001dc2c1beaa0 VMThread "VM Thread"                           [id=24108, stack(0x00000046d8c00000,0x00000046d8d00000) (1024K)]
  0x000001dc403cca10 WatcherThread "VM Periodic Task Thread"        [id=15028, stack(0x00000046d8b00000,0x00000046d8c00000) (1024K)]
  0x000001dc2c11b640 WorkerThread "GC Thread#0"                     [id=24164, stack(0x00000046d8a00000,0x00000046d8b00000) (1024K)]
  0x000001dc887df240 WorkerThread "GC Thread#1"                     [id=23688, stack(0x00000046d9900000,0x00000046d9a00000) (1024K)]
  0x000001dc888b8be0 WorkerThread "GC Thread#2"                     [id=13300, stack(0x00000046d9a00000,0x00000046d9b00000) (1024K)]
  0x000001dc8872a820 WorkerThread "GC Thread#3"                     [id=23536, stack(0x00000046d9b00000,0x00000046d9c00000) (1024K)]
  0x000001dc88a02010 WorkerThread "GC Thread#4"                     [id=24440, stack(0x00000046d9c00000,0x00000046d9d00000) (1024K)]
  0x000001dc88a023b0 WorkerThread "GC Thread#5"                     [id=24416, stack(0x00000046d9d00000,0x00000046d9e00000) (1024K)]
  0x000001dc88686af0 WorkerThread "GC Thread#6"                     [id=24424, stack(0x00000046d9e00000,0x00000046d9f00000) (1024K)]
  0x000001dc886981e0 WorkerThread "GC Thread#7"                     [id=24256, stack(0x00000046d9800000,0x00000046d9900000) (1024K)]
  0x000001dc88697360 WorkerThread "GC Thread#8"                     [id=23720, stack(0x00000046da200000,0x00000046da300000) (1024K)]
  0x000001dc88697e40 WorkerThread "GC Thread#9"                     [id=24396, stack(0x00000046da400000,0x00000046da500000) (1024K)]
Total: 12

Threads with active compile tasks:
C2 CompilerThread0  40420 4321       4       org.lombokweb.asm.ClassReader::readMethod (1070 bytes)
C2 CompilerThread1  40420 4380   !   4       org.eclipse.osgi.internal.loader.classpath.ClasspathManager::findClassImpl (343 bytes)
C2 CompilerThread2  40420 4547   !   4       sun.nio.cs.StreamDecoder::read (78 bytes)
Total: 3

VM state: not at safepoint (normal execution)

VM Mutex/Monitor currently owned by a thread:  ([mutex/lock_event])
[0x00007fff827fc300] Metaspace_lock - owner thread: 0x000001dc884ec460

Heap address: 0x00000000c0000000, size: 1024 MB, Compressed Oops mode: 32-bit

CDS archive(s) mapped at: [0x000001dc41000000-0x000001dc41ba0000-0x000001dc41ba0000), size 12189696, SharedBaseAddress: 0x000001dc41000000, ArchiveRelocationMode: 1.
Compressed class space mapped at: 0x000001dc42000000-0x000001dc82000000, reserved size: 1073741824
Narrow klass base: 0x000001dc41000000, Narrow klass shift: 0, Narrow klass range: 0x100000000

GC Precious Log:
 CardTable entry size: 512
 CPUs: 12 total, 12 available
 Memory: 16255M
 Large Page Support: Disabled
 NUMA Support: Disabled
 Compressed Oops: Enabled (32-bit)
 Alignments: Space 512K, Generation 512K, Heap 2M
 Heap Min Capacity: 100M
 Heap Initial Capacity: 100M
 Heap Max Capacity: 1G
 Pre-touch: Disabled
 Parallel Workers: 10

Heap:
 PSYoungGen      total 23552K, used 3424K [0x00000000eab00000, 0x00000000ec980000, 0x0000000100000000)
  eden space 22528K, 10% used [0x00000000eab00000,0x00000000ead5cd78,0x00000000ec100000)
  from space 1024K, 98% used [0x00000000ec700000,0x00000000ec7fb670,0x00000000ec800000)
  to   space 1536K, 0% used [0x00000000ec800000,0x00000000ec800000,0x00000000ec980000)
 ParOldGen       total 68608K, used 19287K [0x00000000c0000000, 0x00000000c4300000, 0x00000000eab00000)
  object space 68608K, 28% used [0x00000000c0000000,0x00000000c12d5c70,0x00000000c4300000)
 Metaspace       used 30652K, committed 31552K, reserved 1114112K
  class space    used 2995K, committed 3392K, reserved 1048576K

Card table byte_map: [0x000001dc2baa0000,0x000001dc2bcb0000] _byte_map_base: 0x000001dc2b4a0000

Marking Bits: (ParMarkBitMap*) 0x00007fff82803260
 Begin Bits: [0x000001dc3e2f0000, 0x000001dc3f2f0000)
 End Bits:   [0x000001dc3f2f0000, 0x000001dc402f0000)

Polling page: 0x000001dc29cb0000

Metaspace:

Usage:
  Non-class:     27.01 MB used.
      Class:      2.93 MB used.
       Both:     29.93 MB used.

Virtual space:
  Non-class space:       64.00 MB reserved,      27.50 MB ( 43%) committed,  1 nodes.
      Class space:        1.00 GB reserved,       3.31 MB ( <1%) committed,  1 nodes.
             Both:        1.06 GB reserved,      30.81 MB (  3%) committed. 

Chunk freelists:
   Non-Class:  4.36 MB
       Class:  12.52 MB
        Both:  16.88 MB

MaxMetaspaceSize: unlimited
CompressedClassSpaceSize: 1.00 GB
Initial GC threshold: 21.00 MB
Current GC threshold: 35.00 MB
CDS: on
 - commit_granule_bytes: 65536.
 - commit_granule_words: 8192.
 - virtual_space_node_default_size: 8388608.
 - enlarge_chunks_in_place: 1.
 - use_allocation_guard: 0.


Internal statistics:

num_allocs_failed_limit: 3.
num_arena_births: 692.
num_arena_deaths: 14.
num_vsnodes_births: 2.
num_vsnodes_deaths: 0.
num_space_committed: 493.
num_space_uncommitted: 0.
num_chunks_returned_to_freelist: 17.
num_chunks_taken_from_freelist: 1911.
num_chunk_merges: 9.
num_chunk_splits: 1231.
num_chunks_enlarged: 784.
num_inconsistent_stats: 0.

CodeHeap 'non-profiled nmethods': size=120000Kb used=2272Kb max_used=2272Kb free=117727Kb
 bounds [0x000001dc36dc0000, 0x000001dc37030000, 0x000001dc3e2f0000]
CodeHeap 'profiled nmethods': size=120000Kb used=9837Kb max_used=9837Kb free=110162Kb
 bounds [0x000001dc2f2f0000, 0x000001dc2fc90000, 0x000001dc36820000]
CodeHeap 'non-nmethods': size=5760Kb used=1339Kb max_used=1378Kb free=4420Kb
 bounds [0x000001dc36820000, 0x000001dc36a90000, 0x000001dc36dc0000]
 total_blobs=5284 nmethods=4657 adapters=533
 compilation: enabled
              stopped_count=0, restarted_count=0
 full_count=0

Compilation events (20 events):
Event: 38.286 Thread 0x000001dc8357cd00 nmethod 4657 0x000001dc2fc86210 code [0x000001dc2fc86400, 0x000001dc2fc86800]
Event: 38.286 Thread 0x000001dc8357cd00 4658       2       java.util.Comparator::comparing (24 bytes)
Event: 38.286 Thread 0x000001dc8357cd00 nmethod 4658 0x000001dc2fc86a90 code [0x000001dc2fc86c60, 0x000001dc2fc86ff0]
Event: 38.286 Thread 0x000001dc8357cd00 4659       2       java.util.Comparator$$Lambda/0x000001dc421f5aa0::<init> (15 bytes)
Event: 38.286 Thread 0x000001dc8357cd00 nmethod 4659 0x000001dc2fc87210 code [0x000001dc2fc873a0, 0x000001dc2fc874d0]
Event: 38.286 Thread 0x000001dc8357cd00 4660       2       java.lang.reflect.Field::getAnnotation (23 bytes)
Event: 38.286 Thread 0x000001dc8357cd00 nmethod 4660 0x000001dc2fc87590 code [0x000001dc2fc87780, 0x000001dc2fc87b10]
Event: 38.286 Thread 0x000001dc8357cd00 4661       2       com.google.inject.internal.MoreTypes::getRawType (141 bytes)
Event: 38.287 Thread 0x000001dc8357cd00 nmethod 4661 0x000001dc2fc87d10 code [0x000001dc2fc87fe0, 0x000001dc2fc88958]
Event: 38.287 Thread 0x000001dc8357cd00 4650       1       sun.reflect.generics.reflectiveObjects.ParameterizedTypeImpl::getOwnerType (5 bytes)
Event: 38.287 Thread 0x000001dc8357cd00 nmethod 4650 0x000001dc36fe2390 code [0x000001dc36fe2520, 0x000001dc36fe25e8]
Event: 38.287 Thread 0x000001dc8357cd00 4651       1       java.lang.reflect.Field::getGenericSignature (5 bytes)
Event: 38.287 Thread 0x000001dc8357cd00 nmethod 4651 0x000001dc36fe2690 code [0x000001dc36fe2820, 0x000001dc36fe28e8]
Event: 38.287 Thread 0x000001dc8357cd00 4652       1       com.google.common.collect.SingletonImmutableSet::isPartialView (2 bytes)
Event: 38.287 Thread 0x000001dc8357cd00 nmethod 4652 0x000001dc36fe2990 code [0x000001dc36fe2b20, 0x000001dc36fe2be8]
Event: 38.287 Thread 0x000001dc8357cd00 4662       1       com.google.common.cache.CacheBuilder$3::read (2 bytes)
Event: 38.287 Thread 0x000001dc8357cd00 nmethod 4662 0x000001dc36fe2c90 code [0x000001dc36fe2e20, 0x000001dc36fe2ef0]
Event: 38.287 Thread 0x000001dc8357cd00 4663       1       com.google.common.cache.LocalCache$WeakEntry::getValueReference (5 bytes)
Event: 38.287 Thread 0x000001dc8357cd00 nmethod 4663 0x000001dc36fe2f90 code [0x000001dc36fe3120, 0x000001dc36fe31e8]
Event: 39.299 Thread 0x000001dc8357cd00 4664       1       com.google.common.cache.LocalCache$2::offer (2 bytes)

GC Heap History (20 events):
Event: 10.793 GC heap before
{Heap before GC invocations=3 (full 0):
 PSYoungGen      total 29696K, used 29669K [0x00000000eab00000, 0x00000000ecc00000, 0x0000000100000000)
  eden space 25600K, 100% used [0x00000000eab00000,0x00000000ec400000,0x00000000ec400000)
  from space 4096K, 99% used [0x00000000ec800000,0x00000000ecbf97f0,0x00000000ecc00000)
  to   space 4096K, 0% used [0x00000000ec400000,0x00000000ec400000,0x00000000ec800000)
 ParOldGen       total 68608K, used 1732K [0x00000000c0000000, 0x00000000c4300000, 0x00000000eab00000)
  object space 68608K, 2% used [0x00000000c0000000,0x00000000c01b10c8,0x00000000c4300000)
 Metaspace       used 9172K, committed 9536K, reserved 1114112K
  class space    used 916K, committed 1088K, reserved 1048576K
}
Event: 10.797 GC heap after
{Heap after GC invocations=3 (full 0):
 PSYoungGen      total 29696K, used 4066K [0x00000000eab00000, 0x00000000ecc00000, 0x0000000100000000)
  eden space 25600K, 0% used [0x00000000eab00000,0x00000000eab00000,0x00000000ec400000)
  from space 4096K, 99% used [0x00000000ec400000,0x00000000ec7f8840,0x00000000ec800000)
  to   space 4096K, 0% used [0x00000000ec800000,0x00000000ec800000,0x00000000ecc00000)
 ParOldGen       total 68608K, used 5705K [0x00000000c0000000, 0x00000000c4300000, 0x00000000eab00000)
  object space 68608K, 8% used [0x00000000c0000000,0x00000000c0592528,0x00000000c4300000)
 Metaspace       used 9172K, committed 9536K, reserved 1114112K
  class space    used 916K, committed 1088K, reserved 1048576K
}
Event: 14.420 GC heap before
{Heap before GC invocations=4 (full 0):
 PSYoungGen      total 29696K, used 29666K [0x00000000eab00000, 0x00000000ecc00000, 0x0000000100000000)
  eden space 25600K, 100% used [0x00000000eab00000,0x00000000ec400000,0x00000000ec400000)
  from space 4096K, 99% used [0x00000000ec400000,0x00000000ec7f8840,0x00000000ec800000)
  to   space 4096K, 0% used [0x00000000ec800000,0x00000000ec800000,0x00000000ecc00000)
 ParOldGen       total 68608K, used 5705K [0x00000000c0000000, 0x00000000c4300000, 0x00000000eab00000)
  object space 68608K, 8% used [0x00000000c0000000,0x00000000c0592528,0x00000000c4300000)
 Metaspace       used 12485K, committed 12864K, reserved 1114112K
  class space    used 1242K, committed 1408K, reserved 1048576K
}
Event: 14.423 GC heap after
{Heap after GC invocations=4 (full 0):
 PSYoungGen      total 29696K, used 4083K [0x00000000eab00000, 0x00000000ecc00000, 0x0000000100000000)
  eden space 25600K, 0% used [0x00000000eab00000,0x00000000eab00000,0x00000000ec400000)
  from space 4096K, 99% used [0x00000000ec800000,0x00000000ecbfcfc8,0x00000000ecc00000)
  to   space 4096K, 0% used [0x00000000ec400000,0x00000000ec400000,0x00000000ec800000)
 ParOldGen       total 68608K, used 6580K [0x00000000c0000000, 0x00000000c4300000, 0x00000000eab00000)
  object space 68608K, 9% used [0x00000000c0000000,0x00000000c066d100,0x00000000c4300000)
 Metaspace       used 12485K, committed 12864K, reserved 1114112K
  class space    used 1242K, committed 1408K, reserved 1048576K
}
Event: 14.914 GC heap before
{Heap before GC invocations=5 (full 0):
 PSYoungGen      total 29696K, used 29683K [0x00000000eab00000, 0x00000000ecc00000, 0x0000000100000000)
  eden space 25600K, 100% used [0x00000000eab00000,0x00000000ec400000,0x00000000ec400000)
  from space 4096K, 99% used [0x00000000ec800000,0x00000000ecbfcfc8,0x00000000ecc00000)
  to   space 4096K, 0% used [0x00000000ec400000,0x00000000ec400000,0x00000000ec800000)
 ParOldGen       total 68608K, used 6580K [0x00000000c0000000, 0x00000000c4300000, 0x00000000eab00000)
  object space 68608K, 9% used [0x00000000c0000000,0x00000000c066d100,0x00000000c4300000)
 Metaspace       used 15459K, committed 16064K, reserved 1114112K
  class space    used 1518K, committed 1792K, reserved 1048576K
}
Event: 15.920 GC heap after
{Heap after GC invocations=5 (full 0):
 PSYoungGen      total 29184K, used 4087K [0x00000000eab00000, 0x00000000ed680000, 0x0000000100000000)
  eden space 25088K, 0% used [0x00000000eab00000,0x00000000eab00000,0x00000000ec380000)
  from space 4096K, 99% used [0x00000000ec400000,0x00000000ec7fdd18,0x00000000ec800000)
  to   space 9728K, 0% used [0x00000000ecd00000,0x00000000ecd00000,0x00000000ed680000)
 ParOldGen       total 68608K, used 11176K [0x00000000c0000000, 0x00000000c4300000, 0x00000000eab00000)
  object space 68608K, 16% used [0x00000000c0000000,0x00000000c0aea088,0x00000000c4300000)
 Metaspace       used 15459K, committed 16064K, reserved 1114112K
  class space    used 1518K, committed 1792K, reserved 1048576K
}
Event: 32.359 GC heap before
{Heap before GC invocations=6 (full 0):
 PSYoungGen      total 29184K, used 29175K [0x00000000eab00000, 0x00000000ed680000, 0x0000000100000000)
  eden space 25088K, 100% used [0x00000000eab00000,0x00000000ec380000,0x00000000ec380000)
  from space 4096K, 99% used [0x00000000ec400000,0x00000000ec7fdd18,0x00000000ec800000)
  to   space 9728K, 0% used [0x00000000ecd00000,0x00000000ecd00000,0x00000000ed680000)
 ParOldGen       total 68608K, used 11176K [0x00000000c0000000, 0x00000000c4300000, 0x00000000eab00000)
  object space 68608K, 16% used [0x00000000c0000000,0x00000000c0aea088,0x00000000c4300000)
 Metaspace       used 18472K, committed 19200K, reserved 1114112K
  class space    used 1822K, committed 2176K, reserved 1048576K
}
Event: 32.362 GC heap after
{Heap after GC invocations=6 (full 0):
 PSYoungGen      total 30208K, used 5483K [0x00000000eab00000, 0x00000000ed280000, 0x0000000100000000)
  eden space 24576K, 0% used [0x00000000eab00000,0x00000000eab00000,0x00000000ec300000)
  from space 5632K, 97% used [0x00000000ecd00000,0x00000000ed25ad10,0x00000000ed280000)
  to   space 6656K, 0% used [0x00000000ec580000,0x00000000ec580000,0x00000000ecc00000)
 ParOldGen       total 68608K, used 11184K [0x00000000c0000000, 0x00000000c4300000, 0x00000000eab00000)
  object space 68608K, 16% used [0x00000000c0000000,0x00000000c0aec088,0x00000000c4300000)
 Metaspace       used 18472K, committed 19200K, reserved 1114112K
  class space    used 1822K, committed 2176K, reserved 1048576K
}
Event: 32.635 GC heap before
{Heap before GC invocations=7 (full 0):
 PSYoungGen      total 30208K, used 28497K [0x00000000eab00000, 0x00000000ed280000, 0x0000000100000000)
  eden space 24576K, 93% used [0x00000000eab00000,0x00000000ec1799b8,0x00000000ec300000)
  from space 5632K, 97% used [0x00000000ecd00000,0x00000000ed25ad10,0x00000000ed280000)
  to   space 6656K, 0% used [0x00000000ec580000,0x00000000ec580000,0x00000000ecc00000)
 ParOldGen       total 68608K, used 11184K [0x00000000c0000000, 0x00000000c4300000, 0x00000000eab00000)
  object space 68608K, 16% used [0x00000000c0000000,0x00000000c0aec088,0x00000000c4300000)
 Metaspace       used 20786K, committed 21504K, reserved 1114112K
  class space    used 2076K, committed 2368K, reserved 1048576K
}
Event: 32.638 GC heap after
{Heap after GC invocations=7 (full 0):
 PSYoungGen      total 29696K, used 4764K [0x00000000eab00000, 0x00000000ece00000, 0x0000000100000000)
  eden space 24576K, 0% used [0x00000000eab00000,0x00000000eab00000,0x00000000ec300000)
  from space 5120K, 93% used [0x00000000ec580000,0x00000000eca27038,0x00000000eca80000)
  to   space 3584K, 0% used [0x00000000eca80000,0x00000000eca80000,0x00000000ece00000)
 ParOldGen       total 68608K, used 12476K [0x00000000c0000000, 0x00000000c4300000, 0x00000000eab00000)
  object space 68608K, 18% used [0x00000000c0000000,0x00000000c0c2f360,0x00000000c4300000)
 Metaspace       used 20786K, committed 21504K, reserved 1114112K
  class space    used 2076K, committed 2368K, reserved 1048576K
}
Event: 32.638 GC heap before
{Heap before GC invocations=8 (full 1):
 PSYoungGen      total 29696K, used 4764K [0x00000000eab00000, 0x00000000ece00000, 0x0000000100000000)
  eden space 24576K, 0% used [0x00000000eab00000,0x00000000eab00000,0x00000000ec300000)
  from space 5120K, 93% used [0x00000000ec580000,0x00000000eca27038,0x00000000eca80000)
  to   space 3584K, 0% used [0x00000000eca80000,0x00000000eca80000,0x00000000ece00000)
 ParOldGen       total 68608K, used 12476K [0x00000000c0000000, 0x00000000c4300000, 0x00000000eab00000)
  object space 68608K, 18% used [0x00000000c0000000,0x00000000c0c2f360,0x00000000c4300000)
 Metaspace       used 20786K, committed 21504K, reserved 1114112K
  class space    used 2076K, committed 2368K, reserved 1048576K
}
Event: 32.664 GC heap after
{Heap after GC invocations=8 (full 1):
 PSYoungGen      total 29696K, used 0K [0x00000000eab00000, 0x00000000ece00000, 0x0000000100000000)
  eden space 24576K, 0% used [0x00000000eab00000,0x00000000eab00000,0x00000000ec300000)
  from space 5120K, 0% used [0x00000000ec580000,0x00000000ec580000,0x00000000eca80000)
  to   space 3584K, 0% used [0x00000000eca80000,0x00000000eca80000,0x00000000ece00000)
 ParOldGen       total 68608K, used 16566K [0x00000000c0000000, 0x00000000c4300000, 0x00000000eab00000)
  object space 68608K, 24% used [0x00000000c0000000,0x00000000c102dbb0,0x00000000c4300000)
 Metaspace       used 20773K, committed 21504K, reserved 1114112K
  class space    used 2073K, committed 2368K, reserved 1048576K
}
Event: 32.828 GC heap before
{Heap before GC invocations=9 (full 1):
 PSYoungGen      total 29696K, used 24519K [0x00000000eab00000, 0x00000000ece00000, 0x0000000100000000)
  eden space 24576K, 99% used [0x00000000eab00000,0x00000000ec2f1d48,0x00000000ec300000)
  from space 5120K, 0% used [0x00000000ec580000,0x00000000ec580000,0x00000000eca80000)
  to   space 3584K, 0% used [0x00000000eca80000,0x00000000eca80000,0x00000000ece00000)
 ParOldGen       total 68608K, used 16566K [0x00000000c0000000, 0x00000000c4300000, 0x00000000eab00000)
  object space 68608K, 24% used [0x00000000c0000000,0x00000000c102dbb0,0x00000000c4300000)
 Metaspace       used 23267K, committed 24064K, reserved 1114112K
  class space    used 2233K, committed 2560K, reserved 1048576K
}
Event: 32.829 GC heap after
{Heap after GC invocations=9 (full 1):
 PSYoungGen      total 25088K, used 697K [0x00000000eab00000, 0x00000000ecb80000, 0x0000000100000000)
  eden space 24064K, 0% used [0x00000000eab00000,0x00000000eab00000,0x00000000ec280000)
  from space 1024K, 68% used [0x00000000eca80000,0x00000000ecb2e7f0,0x00000000ecb80000)
  to   space 2560K, 0% used [0x00000000ec680000,0x00000000ec680000,0x00000000ec900000)
 ParOldGen       total 68608K, used 16566K [0x00000000c0000000, 0x00000000c4300000, 0x00000000eab00000)
  object space 68608K, 24% used [0x00000000c0000000,0x00000000c102dbb0,0x00000000c4300000)
 Metaspace       used 23267K, committed 24064K, reserved 1114112K
  class space    used 2233K, committed 2560K, reserved 1048576K
}
Event: 33.972 GC heap before
{Heap before GC invocations=10 (full 1):
 PSYoungGen      total 25088K, used 24761K [0x00000000eab00000, 0x00000000ecb80000, 0x0000000100000000)
  eden space 24064K, 100% used [0x00000000eab00000,0x00000000ec280000,0x00000000ec280000)
  from space 1024K, 68% used [0x00000000eca80000,0x00000000ecb2e7f0,0x00000000ecb80000)
  to   space 2560K, 0% used [0x00000000ec680000,0x00000000ec680000,0x00000000ec900000)
 ParOldGen       total 68608K, used 16566K [0x00000000c0000000, 0x00000000c4300000, 0x00000000eab00000)
  object space 68608K, 24% used [0x00000000c0000000,0x00000000c102dbb0,0x00000000c4300000)
 Metaspace       used 26586K, committed 27456K, reserved 1114112K
  class space    used 2512K, committed 2880K, reserved 1048576K
}
Event: 33.973 GC heap after
{Heap after GC invocations=10 (full 1):
 PSYoungGen      total 26112K, used 2527K [0x00000000eab00000, 0x00000000ecb00000, 0x0000000100000000)
  eden space 23552K, 0% used [0x00000000eab00000,0x00000000eab00000,0x00000000ec200000)
  from space 2560K, 98% used [0x00000000ec680000,0x00000000ec8f7d58,0x00000000ec900000)
  to   space 2048K, 0% used [0x00000000ec900000,0x00000000ec900000,0x00000000ecb00000)
 ParOldGen       total 68608K, used 16574K [0x00000000c0000000, 0x00000000c4300000, 0x00000000eab00000)
  object space 68608K, 24% used [0x00000000c0000000,0x00000000c102fbb0,0x00000000c4300000)
 Metaspace       used 26586K, committed 27456K, reserved 1114112K
  class space    used 2512K, committed 2880K, reserved 1048576K
}
Event: 34.108 GC heap before
{Heap before GC invocations=11 (full 1):
 PSYoungGen      total 26112K, used 26079K [0x00000000eab00000, 0x00000000ecb00000, 0x0000000100000000)
  eden space 23552K, 100% used [0x00000000eab00000,0x00000000ec200000,0x00000000ec200000)
  from space 2560K, 98% used [0x00000000ec680000,0x00000000ec8f7d58,0x00000000ec900000)
  to   space 2048K, 0% used [0x00000000ec900000,0x00000000ec900000,0x00000000ecb00000)
 ParOldGen       total 68608K, used 16574K [0x00000000c0000000, 0x00000000c4300000, 0x00000000eab00000)
  object space 68608K, 24% used [0x00000000c0000000,0x00000000c102fbb0,0x00000000c4300000)
 Metaspace       used 28615K, committed 29504K, reserved 1114112K
  class space    used 2764K, committed 3136K, reserved 1048576K
}
Event: 34.109 GC heap after
{Heap after GC invocations=11 (full 1):
 PSYoungGen      total 25088K, used 1659K [0x00000000eab00000, 0x00000000ecb00000, 0x0000000100000000)
  eden space 23040K, 0% used [0x00000000eab00000,0x00000000eab00000,0x00000000ec180000)
  from space 2048K, 81% used [0x00000000ec900000,0x00000000eca9eda0,0x00000000ecb00000)
  to   space 2048K, 0% used [0x00000000ec700000,0x00000000ec700000,0x00000000ec900000)
 ParOldGen       total 68608K, used 17825K [0x00000000c0000000, 0x00000000c4300000, 0x00000000eab00000)
  object space 68608K, 25% used [0x00000000c0000000,0x00000000c1168578,0x00000000c4300000)
 Metaspace       used 28615K, committed 29504K, reserved 1114112K
  class space    used 2764K, committed 3136K, reserved 1048576K
}
Event: 38.268 GC heap before
{Heap before GC invocations=12 (full 1):
 PSYoungGen      total 25088K, used 24699K [0x00000000eab00000, 0x00000000ecb00000, 0x0000000100000000)
  eden space 23040K, 99% used [0x00000000eab00000,0x00000000ec17ffe8,0x00000000ec180000)
  from space 2048K, 81% used [0x00000000ec900000,0x00000000eca9eda0,0x00000000ecb00000)
  to   space 2048K, 0% used [0x00000000ec700000,0x00000000ec700000,0x00000000ec900000)
 ParOldGen       total 68608K, used 17825K [0x00000000c0000000, 0x00000000c4300000, 0x00000000eab00000)
  object space 68608K, 25% used [0x00000000c0000000,0x00000000c1168578,0x00000000c4300000)
 Metaspace       used 30559K, committed 31488K, reserved 1114112K
  class space    used 2984K, committed 3392K, reserved 1048576K
}
Event: 38.269 GC heap after
{Heap after GC invocations=12 (full 1):
 PSYoungGen      total 23552K, used 1005K [0x00000000eab00000, 0x00000000ec980000, 0x0000000100000000)
  eden space 22528K, 0% used [0x00000000eab00000,0x00000000eab00000,0x00000000ec100000)
  from space 1024K, 98% used [0x00000000ec700000,0x00000000ec7fb670,0x00000000ec800000)
  to   space 1536K, 0% used [0x00000000ec800000,0x00000000ec800000,0x00000000ec980000)
 ParOldGen       total 68608K, used 19287K [0x00000000c0000000, 0x00000000c4300000, 0x00000000eab00000)
  object space 68608K, 28% used [0x00000000c0000000,0x00000000c12d5c70,0x00000000c4300000)
 Metaspace       used 30559K, committed 31488K, reserved 1114112K
  class space    used 2984K, committed 3392K, reserved 1048576K
}

Dll operation events (10 events):
Event: 0.012 Loaded shared library c:\Users\Deton\.vscode\extensions\redhat.java-1.41.1-win32-x64\jre\21.0.6-win32-x86_64\bin\java.dll
Event: 0.084 Loaded shared library c:\Users\Deton\.vscode\extensions\redhat.java-1.41.1-win32-x64\jre\21.0.6-win32-x86_64\bin\zip.dll
Event: 0.108 Loaded shared library C:\Users\Deton\.vscode\extensions\redhat.java-1.41.1-win32-x64\jre\21.0.6-win32-x86_64\bin\instrument.dll
Event: 0.113 Loaded shared library C:\Users\Deton\.vscode\extensions\redhat.java-1.41.1-win32-x64\jre\21.0.6-win32-x86_64\bin\net.dll
Event: 0.116 Loaded shared library C:\Users\Deton\.vscode\extensions\redhat.java-1.41.1-win32-x64\jre\21.0.6-win32-x86_64\bin\nio.dll
Event: 0.126 Loaded shared library C:\Users\Deton\.vscode\extensions\redhat.java-1.41.1-win32-x64\jre\21.0.6-win32-x86_64\bin\zip.dll
Event: 0.148 Loaded shared library C:\Users\Deton\.vscode\extensions\redhat.java-1.41.1-win32-x64\jre\21.0.6-win32-x86_64\bin\jimage.dll
Event: 0.228 Loaded shared library c:\Users\Deton\.vscode\extensions\redhat.java-1.41.1-win32-x64\jre\21.0.6-win32-x86_64\bin\verify.dll
Event: 4.912 Loaded shared library C:\Users\Deton\AppData\Roaming\Code\User\globalStorage\redhat.java\1.41.1\config_win\org.eclipse.equinox.launcher\org.eclipse.equinox.launcher.win32.win32.x86_64_1.2.1300.v20250331-1702\eclipse_11911.dll
Event: 16.727 Loaded shared library C:\Users\Deton\AppData\Local\Temp\jna-65923346\jna13696808534572223979.dll

Deoptimization events (20 events):
Event: 34.212 Thread 0x000001dc884ec460 Uncommon trap: trap_request=0xffffff45 fr.pc=0x000001dc36edcb30 relative=0x0000000000000110
Event: 34.212 Thread 0x000001dc884ec460 Uncommon trap: reason=unstable_if action=reinterpret pc=0x000001dc36edcb30 method=java.util.ArrayList.indexOfRange(Ljava/lang/Object;II)I @ 7 c2
Event: 34.212 Thread 0x000001dc884ec460 DEOPT PACKING pc=0x000001dc36edcb30 sp=0x00000046da9fe480
Event: 34.212 Thread 0x000001dc884ec460 DEOPT UNPACKING pc=0x000001dc36873aa2 sp=0x00000046da9fe420 mode 2
Event: 34.219 Thread 0x000001dc8355bda0 Uncommon trap: trap_request=0xffffffde fr.pc=0x000001dc36f4df30 relative=0x0000000000000e10
Event: 34.219 Thread 0x000001dc8355bda0 Uncommon trap: reason=class_check action=maybe_recompile pc=0x000001dc36f4df30 method=com.sun.org.apache.xerces.internal.impl.XMLDocumentFragmentScannerImpl$FragmentContentDriver.next()I @ 2175 c2
Event: 34.219 Thread 0x000001dc8355bda0 DEOPT PACKING pc=0x000001dc36f4df30 sp=0x00000046da1f99f0
Event: 34.219 Thread 0x000001dc8355bda0 DEOPT UNPACKING pc=0x000001dc36873aa2 sp=0x00000046da1f99a8 mode 2
Event: 34.219 Thread 0x000001dc8355bda0 Uncommon trap: trap_request=0xffffffde fr.pc=0x000001dc36f4db78 relative=0x0000000000000a58
Event: 34.219 Thread 0x000001dc8355bda0 Uncommon trap: reason=class_check action=maybe_recompile pc=0x000001dc36f4db78 method=com.sun.org.apache.xerces.internal.impl.XMLDocumentFragmentScannerImpl$FragmentContentDriver.next()I @ 427 c2
Event: 34.219 Thread 0x000001dc8355bda0 DEOPT PACKING pc=0x000001dc36f4db78 sp=0x00000046da1f9a50
Event: 34.219 Thread 0x000001dc8355bda0 DEOPT UNPACKING pc=0x000001dc36873aa2 sp=0x00000046da1f9a00 mode 2
Event: 34.219 Thread 0x000001dc8355bda0 Uncommon trap: trap_request=0xffffffde fr.pc=0x000001dc36f4db78 relative=0x0000000000000a58
Event: 34.219 Thread 0x000001dc8355bda0 Uncommon trap: reason=class_check action=maybe_recompile pc=0x000001dc36f4db78 method=com.sun.org.apache.xerces.internal.impl.XMLDocumentFragmentScannerImpl$FragmentContentDriver.next()I @ 427 c2
Event: 34.219 Thread 0x000001dc8355bda0 DEOPT PACKING pc=0x000001dc36f4db78 sp=0x00000046da1f9a50
Event: 34.219 Thread 0x000001dc8355bda0 DEOPT UNPACKING pc=0x000001dc36873aa2 sp=0x00000046da1f9a00 mode 2
Event: 34.219 Thread 0x000001dc8355bda0 Uncommon trap: trap_request=0xffffffde fr.pc=0x000001dc36f4db78 relative=0x0000000000000a58
Event: 34.219 Thread 0x000001dc8355bda0 Uncommon trap: reason=class_check action=maybe_recompile pc=0x000001dc36f4db78 method=com.sun.org.apache.xerces.internal.impl.XMLDocumentFragmentScannerImpl$FragmentContentDriver.next()I @ 427 c2
Event: 34.219 Thread 0x000001dc8355bda0 DEOPT PACKING pc=0x000001dc36f4db78 sp=0x00000046da1f9a50
Event: 34.219 Thread 0x000001dc8355bda0 DEOPT UNPACKING pc=0x000001dc36873aa2 sp=0x00000046da1f9a00 mode 2

Classes loaded (20 events):
Event: 34.227 Loading class com/sun/org/apache/xerces/internal/impl/msg/XMLSerializerMessages_en_US
Event: 34.227 Loading class com/sun/org/apache/xerces/internal/impl/msg/XMLSerializerMessages_en_US done
Event: 34.227 Loading class com/sun/org/apache/xerces/internal/impl/msg/XMLMessages
Event: 34.227 Loading class com/sun/org/apache/xerces/internal/impl/msg/XMLMessages done
Event: 34.227 Loading class com/sun/org/apache/xerces/internal/impl/msg/XMLMessages
Event: 34.227 Loading class com/sun/org/apache/xerces/internal/impl/msg/XMLMessages done
Event: 34.229 Loading class com/sun/org/apache/xerces/internal/impl/msg/XMLMessages_en
Event: 34.229 Loading class com/sun/org/apache/xerces/internal/impl/msg/XMLMessages_en done
Event: 34.229 Loading class com/sun/org/apache/xerces/internal/impl/msg/XMLMessages_en
Event: 34.229 Loading class com/sun/org/apache/xerces/internal/impl/msg/XMLMessages_en done
Event: 34.229 Loading class com/sun/org/apache/xerces/internal/impl/msg/XMLMessages_en_US
Event: 34.229 Loading class com/sun/org/apache/xerces/internal/impl/msg/XMLMessages_en_US done
Event: 34.229 Loading class com/sun/org/apache/xerces/internal/impl/msg/XMLMessages_en_US
Event: 34.229 Loading class com/sun/org/apache/xerces/internal/impl/msg/XMLMessages_en_US done
Event: 38.274 Loading class sun/reflect/generics/reflectiveObjects/TypeVariableImpl
Event: 38.275 Loading class sun/reflect/generics/reflectiveObjects/LazyReflectiveObjectGenerator
Event: 38.275 Loading class sun/reflect/generics/reflectiveObjects/LazyReflectiveObjectGenerator done
Event: 38.275 Loading class sun/reflect/generics/reflectiveObjects/TypeVariableImpl done
Event: 38.275 Loading class sun/reflect/generics/reflectiveObjects/ParameterizedTypeImpl
Event: 38.275 Loading class sun/reflect/generics/reflectiveObjects/ParameterizedTypeImpl done

Classes unloaded (7 events):
Event: 32.642 Thread 0x000001dc2c1beaa0 Unloading class 0x000001dc4219e400 'java/lang/invoke/LambdaForm$MH+0x000001dc4219e400'
Event: 32.642 Thread 0x000001dc2c1beaa0 Unloading class 0x000001dc4219e000 'java/lang/invoke/LambdaForm$MH+0x000001dc4219e000'
Event: 32.642 Thread 0x000001dc2c1beaa0 Unloading class 0x000001dc4219dc00 'java/lang/invoke/LambdaForm$MH+0x000001dc4219dc00'
Event: 32.642 Thread 0x000001dc2c1beaa0 Unloading class 0x000001dc4219d800 'java/lang/invoke/LambdaForm$MH+0x000001dc4219d800'
Event: 32.642 Thread 0x000001dc2c1beaa0 Unloading class 0x000001dc4219d400 'java/lang/invoke/LambdaForm$BMH+0x000001dc4219d400'
Event: 32.642 Thread 0x000001dc2c1beaa0 Unloading class 0x000001dc4219d000 'java/lang/invoke/LambdaForm$DMH+0x000001dc4219d000'
Event: 32.642 Thread 0x000001dc2c1beaa0 Unloading class 0x000001dc4219bc00 'java/lang/invoke/LambdaForm$DMH+0x000001dc4219bc00'

Classes redefined (0 events):
No events

Internal exceptions (20 events):
Event: 33.955 Thread 0x000001dc884ec460 Exception <a 'java/lang/NoSuchMethodError'{0x00000000ec0c7378}: 'java.lang.Object java.lang.invoke.Invokers$Holder.invoke_MT(java.lang.Object, java.lang.Object, java.lang.Object, java.lang.Object, java.lang.Object, java.lang.Object, java.lang.Object, java.lang.Object, java.lang.Object)'> (0x00000000ec0c7378) 
thrown [s\src\hotspot\share\interpreter\linkResolver.cpp, line 773]
Event: 33.960 Thread 0x000001dc884ec460 Exception <a 'java/lang/NoSuchMethodError'{0x00000000ec1510b0}: 'int java.lang.invoke.DirectMethodHandle$Holder.invokeVirtual(java.lang.Object, java.lang.Object, java.lang.Object)'> (0x00000000ec1510b0) 
thrown [s\src\hotspot\share\interpreter\linkResolver.cpp, line 773]
Event: 33.961 Thread 0x000001dc884ec460 Exception <a 'java/lang/NoSuchMethodError'{0x00000000ec15a358}: 'int java.lang.invoke.DirectMethodHandle$Holder.invokeStaticInit(java.lang.Object, int, int)'> (0x00000000ec15a358) 
thrown [s\src\hotspot\share\interpreter\linkResolver.cpp, line 773]
Event: 33.961 Thread 0x000001dc884ec460 Exception <a 'java/lang/NoSuchMethodError'{0x00000000ec166d00}: 'int java.lang.invoke.DirectMethodHandle$Holder.invokeStaticInit(java.lang.Object, long, long)'> (0x00000000ec166d00) 
thrown [s\src\hotspot\share\interpreter\linkResolver.cpp, line 773]
Event: 33.961 Thread 0x000001dc884ec460 Exception <a 'java/lang/NoSuchMethodError'{0x00000000ec179410}: 'int java.lang.invoke.DirectMethodHandle$Holder.invokeStaticInit(java.lang.Object, float, float)'> (0x00000000ec179410) 
thrown [s\src\hotspot\share\interpreter\linkResolver.cpp, line 773]
Event: 33.962 Thread 0x000001dc884ec460 Exception <a 'java/lang/NoSuchMethodError'{0x00000000ec17ff88}: 'int java.lang.invoke.DirectMethodHandle$Holder.invokeStaticInit(java.lang.Object, double, double)'> (0x00000000ec17ff88) 
thrown [s\src\hotspot\share\interpreter\linkResolver.cpp, line 773]
Event: 33.962 Thread 0x000001dc884ec460 Exception <a 'java/lang/NoSuchMethodError'{0x00000000ec195468}: 'int java.lang.invoke.DirectMethodHandle$Holder.invokeStatic(java.lang.Object, long)'> (0x00000000ec195468) 
thrown [s\src\hotspot\share\interpreter\linkResolver.cpp, line 773]
Event: 33.964 Thread 0x000001dc884ec460 Exception <a 'java/lang/NoSuchMethodError'{0x00000000ec1c3918}: 'int java.lang.invoke.Invokers$Holder.linkToTargetMethod(java.lang.Object, java.lang.Object)'> (0x00000000ec1c3918) 
thrown [s\src\hotspot\share\interpreter\linkResolver.cpp, line 773]
Event: 33.964 Thread 0x000001dc884ec460 Implicit null exception at 0x000001dc36f5243d to 0x000001dc36f524b2
Event: 33.965 Thread 0x000001dc884e82c0 Exception <a 'java/lang/NoSuchMethodError'{0x00000000ec1d3910}: 'int java.lang.invoke.DirectMethodHandle$Holder.invokeSpecial(java.lang.Object, java.lang.Object, java.lang.Object, java.lang.Object)'> (0x00000000ec1d3910) 
thrown [s\src\hotspot\share\interpreter\linkResolver.cpp, line 773]
Event: 33.966 Thread 0x000001dc884e82c0 Exception <a 'java/lang/NoSuchMethodError'{0x00000000ec1ed180}: 'java.lang.Object java.lang.invoke.DirectMethodHandle$Holder.invokeStatic(java.lang.Object, int, java.lang.Object, java.lang.Object)'> (0x00000000ec1ed180) 
thrown [s\src\hotspot\share\interpreter\linkResolver.cpp, line 773]
Event: 33.966 Thread 0x000001dc884e82c0 Exception <a 'java/lang/NoSuchMethodError'{0x00000000ec1fad00}: 'java.lang.Object java.lang.invoke.DelegatingMethodHandle$Holder.delegate(java.lang.Object, int, java.lang.Object, java.lang.Object)'> (0x00000000ec1fad00) 
thrown [s\src\hotspot\share\interpreter\linkResolver.cpp, line 773]
Event: 33.967 Thread 0x000001dc884e82c0 Exception <a 'java/lang/NoSuchMethodError'{0x00000000ec225820}: 'int java.lang.invoke.Invokers$Holder.linkToTargetMethod(java.lang.Object, java.lang.Object, java.lang.Object)'> (0x00000000ec225820) 
thrown [s\src\hotspot\share\interpreter\linkResolver.cpp, line 773]
Event: 33.991 Thread 0x000001dc884ec460 Exception <a 'java/lang/NoSuchMethodError'{0x00000000eac00080}: 'java.lang.Object java.lang.invoke.DirectMethodHandle$Holder.invokeSpecialIFC(java.lang.Object, java.lang.Object, java.lang.Object, java.lang.Object)'> (0x00000000eac00080) 
thrown [s\src\hotspot\share\interpreter\linkResolver.cpp, line 773]
Event: 34.093 Thread 0x000001dc884ec460 Exception <a 'java/lang/NoSuchMethodError'{0x00000000eb89b840}: 'int java.lang.invoke.DirectMethodHandle$Holder.invokeStatic(java.lang.Object, java.lang.Object, java.lang.Object, java.lang.Object, java.lang.Object)'> (0x00000000eb89b840) 
thrown [s\src\hotspot\share\interpreter\linkResolver.cpp, line 773]
Event: 34.099 Thread 0x000001dc8355bda0 Exception <a 'java/io/FileNotFoundException'{0x00000000ec0380a0}> (0x00000000ec0380a0) 
thrown [s\src\hotspot\share\prims\jni.cpp, line 520]
Event: 34.178 Thread 0x000001dc884ec460 Exception <a 'java/lang/NoClassDefFoundError'{0x00000000eb5c40c0}: javax/enterprise/inject/Typed> (0x00000000eb5c40c0) 
thrown [s\src\hotspot\share\classfile\systemDictionary.cpp, line 301]
Event: 34.226 Thread 0x000001dc8355bda0 Exception <a 'java/lang/ClassNotFoundException'{0x00000000ebc484b0}: com/sun/org/apache/xerces/internal/impl/msg/spi/DOMMessagesProvider> (0x00000000ebc484b0) 
thrown [s\src\hotspot\share\classfile\systemDictionary.cpp, line 312]
Event: 34.226 Thread 0x000001dc8355bda0 Exception <a 'java/lang/ClassNotFoundException'{0x00000000ebc59c68}: com/sun/org/apache/xerces/internal/impl/msg/spi/XMLSerializerMessagesProvider> (0x00000000ebc59c68) 
thrown [s\src\hotspot\share\classfile\systemDictionary.cpp, line 312]
Event: 34.227 Thread 0x000001dc8355bda0 Exception <a 'java/lang/ClassNotFoundException'{0x00000000ebc66f88}: com/sun/org/apache/xerces/internal/impl/msg/spi/XMLMessagesProvider> (0x00000000ebc66f88) 
thrown [s\src\hotspot\share\classfile\systemDictionary.cpp, line 312]

ZGC Phase Switch (0 events):
No events

VM Operations (20 events):
Event: 32.664 Executing VM operation: CollectForMetadataAllocation (Metadata GC Threshold) done
Event: 32.828 Executing VM operation: ParallelGCFailedAllocation (Allocation Failure)
Event: 32.829 Executing VM operation: ParallelGCFailedAllocation (Allocation Failure) done
Event: 33.843 Executing VM operation: Cleanup
Event: 33.951 Executing VM operation: Cleanup done
Event: 33.968 Executing VM operation: HandshakeAllThreads (Deoptimize)
Event: 33.968 Executing VM operation: HandshakeAllThreads (Deoptimize) done
Event: 33.972 Executing VM operation: ParallelGCFailedAllocation (Allocation Failure)
Event: 33.973 Executing VM operation: ParallelGCFailedAllocation (Allocation Failure) done
Event: 34.108 Executing VM operation: ParallelGCFailedAllocation (Allocation Failure)
Event: 34.109 Executing VM operation: ParallelGCFailedAllocation (Allocation Failure) done
Event: 34.172 Executing VM operation: HandshakeAllThreads (Deoptimize)
Event: 34.172 Executing VM operation: HandshakeAllThreads (Deoptimize) done
Event: 34.174 Executing VM operation: HandshakeAllThreads (Deoptimize)
Event: 34.174 Executing VM operation: HandshakeAllThreads (Deoptimize) done
Event: 35.174 Executing VM operation: Cleanup
Event: 35.174 Executing VM operation: Cleanup done
Event: 38.268 Executing VM operation: ParallelGCFailedAllocation (Allocation Failure)
Event: 38.269 Executing VM operation: ParallelGCFailedAllocation (Allocation Failure) done
Event: 39.283 Executing VM operation: Cleanup

Memory protections (0 events):
No events

Nmethod flushes (0 events):
No events

Events (20 events):
Event: 14.078 Thread 0x000001dc8355bda0 Thread added: 0x000001dc884e8950
Event: 14.137 Thread 0x000001dc8355bda0 Thread added: 0x000001dc884eaa20
Event: 14.264 Thread 0x000001dc8357cd00 Thread added: 0x000001dc88c749b0
Event: 14.526 Thread 0x000001dc8355bda0 Thread added: 0x000001dc884eb740
Event: 14.669 Thread 0x000001dc8357cd00 Thread added: 0x000001dc88c13de0
Event: 15.922 Thread 0x000001dc88c13de0 Thread exited: 0x000001dc88c13de0
Event: 16.614 Thread 0x000001dc88c749b0 Thread exited: 0x000001dc88c749b0
Event: 16.745 Thread 0x000001dc8355bda0 Thread added: 0x000001dc884eb0b0
Event: 19.462 Thread 0x000001dc884eaa20 Thread exited: 0x000001dc884eaa20
Event: 31.128 Thread 0x000001dc8357cd00 Thread added: 0x000001dc880c1950
Event: 31.131 Thread 0x000001dc8357cd00 Thread added: 0x000001dc88ce97d0
Event: 31.578 Thread 0x000001dc88ce97d0 Thread exited: 0x000001dc88ce97d0
Event: 31.578 Thread 0x000001dc880c1950 Thread exited: 0x000001dc880c1950
Event: 32.155 Thread 0x000001dc8355bda0 Thread added: 0x000001dc884e82c0
Event: 32.233 Thread 0x000001dc8355bda0 Thread added: 0x000001dc884ec460
Event: 32.233 Thread 0x000001dc8355bda0 Thread added: 0x000001dc884e9670
Event: 32.298 Thread 0x000001dc8357cd00 Thread added: 0x000001dc897ce880
Event: 33.950 Thread 0x000001dc884ec460 Thread added: 0x000001dc884ea390
Event: 34.125 Thread 0x000001dc8357cd00 Thread added: 0x000001dc88436af0
Event: 38.256 Thread 0x000001dc884e9670 Thread exited: 0x000001dc884e9670


Dynamic libraries:
0x00007ff73a6a0000 - 0x00007ff73a6ae000 	c:\Users\Deton\.vscode\extensions\redhat.java-1.41.1-win32-x64\jre\21.0.6-win32-x86_64\bin\java.exe
0x00007ff804d40000 - 0x00007ff804fa3000 	C:\WINDOWS\SYSTEM32\ntdll.dll
0x00007ff803af0000 - 0x00007ff803bb7000 	C:\WINDOWS\System32\KERNEL32.DLL
0x00007ff802380000 - 0x00007ff802749000 	C:\WINDOWS\System32\KERNELBASE.dll
0x00007ff8028d0000 - 0x00007ff802a1c000 	C:\WINDOWS\System32\ucrtbase.dll
0x00007fff82970000 - 0x00007fff82988000 	c:\Users\Deton\.vscode\extensions\redhat.java-1.41.1-win32-x64\jre\21.0.6-win32-x86_64\bin\jli.dll
0x00007fff940c0000 - 0x00007fff940de000 	c:\Users\Deton\.vscode\extensions\redhat.java-1.41.1-win32-x64\jre\21.0.6-win32-x86_64\bin\VCRUNTIME140.dll
0x00007ff802d10000 - 0x00007ff802eda000 	C:\WINDOWS\System32\USER32.dll
0x00007fffe35f0000 - 0x00007fffe3880000 	C:\WINDOWS\WinSxS\amd64_microsoft.windows.common-controls_6595b64144ccf1df_6.0.26100.3323_none_3e088096e3344490\COMCTL32.dll
0x00007ff801f40000 - 0x00007ff801f67000 	C:\WINDOWS\System32\win32u.dll
0x00007ff803d90000 - 0x00007ff803e39000 	C:\WINDOWS\System32\msvcrt.dll
0x00007ff803060000 - 0x00007ff80308a000 	C:\WINDOWS\System32\GDI32.dll
0x00007ff802a20000 - 0x00007ff802b51000 	C:\WINDOWS\System32\gdi32full.dll
0x00007ff8020c0000 - 0x00007ff802163000 	C:\WINDOWS\System32\msvcp_win.dll
0x00007ff803d50000 - 0x00007ff803d7f000 	C:\WINDOWS\System32\IMM32.DLL
0x00007fffdedf0000 - 0x00007fffdedfc000 	c:\Users\Deton\.vscode\extensions\redhat.java-1.41.1-win32-x64\jre\21.0.6-win32-x86_64\bin\vcruntime140_1.dll
0x00007fff828e0000 - 0x00007fff8296d000 	c:\Users\Deton\.vscode\extensions\redhat.java-1.41.1-win32-x64\jre\21.0.6-win32-x86_64\bin\msvcp140.dll
0x00007fff81b50000 - 0x00007fff828e0000 	c:\Users\Deton\.vscode\extensions\redhat.java-1.41.1-win32-x64\jre\21.0.6-win32-x86_64\bin\server\jvm.dll
0x00007ff802bd0000 - 0x00007ff802c82000 	C:\WINDOWS\System32\ADVAPI32.dll
0x00007ff804aa0000 - 0x00007ff804b46000 	C:\WINDOWS\System32\sechost.dll
0x00007ff802ee0000 - 0x00007ff802ff6000 	C:\WINDOWS\System32\RPCRT4.dll
0x00007ff802c90000 - 0x00007ff802d04000 	C:\WINDOWS\System32\WS2_32.dll
0x00007ff801dd0000 - 0x00007ff801e1e000 	C:\WINDOWS\SYSTEM32\POWRPROF.dll
0x00007ffff4470000 - 0x00007ffff44a6000 	C:\WINDOWS\SYSTEM32\WINMM.dll
0x00007ffff3ae0000 - 0x00007ffff3aeb000 	C:\WINDOWS\SYSTEM32\VERSION.dll
0x00007ff801db0000 - 0x00007ff801dc4000 	C:\WINDOWS\SYSTEM32\UMPDC.dll
0x00007ff800d20000 - 0x00007ff800d3a000 	C:\WINDOWS\SYSTEM32\kernel.appcore.dll
0x00007fffdeba0000 - 0x00007fffdebaa000 	c:\Users\Deton\.vscode\extensions\redhat.java-1.41.1-win32-x64\jre\21.0.6-win32-x86_64\bin\jimage.dll
0x00007ffff3fc0000 - 0x00007ffff4201000 	C:\WINDOWS\SYSTEM32\DBGHELP.DLL
0x00007ff803090000 - 0x00007ff803412000 	C:\WINDOWS\System32\combase.dll
0x00007ff803bc0000 - 0x00007ff803c96000 	C:\WINDOWS\System32\OLEAUT32.dll
0x00007fffedd30000 - 0x00007fffedd69000 	C:\WINDOWS\SYSTEM32\dbgcore.DLL
0x00007ff8022e0000 - 0x00007ff802379000 	C:\WINDOWS\System32\bcryptPrimitives.dll
0x00007fffdea60000 - 0x00007fffdea6f000 	c:\Users\Deton\.vscode\extensions\redhat.java-1.41.1-win32-x64\jre\21.0.6-win32-x86_64\bin\instrument.dll
0x00007fff819b0000 - 0x00007fff819cf000 	c:\Users\Deton\.vscode\extensions\redhat.java-1.41.1-win32-x64\jre\21.0.6-win32-x86_64\bin\java.dll
0x00007ff803e40000 - 0x00007ff804555000 	C:\WINDOWS\System32\SHELL32.dll
0x00007ff802170000 - 0x00007ff8022d8000 	C:\WINDOWS\System32\wintypes.dll
0x00007fffff7a0000 - 0x00007ffffffe5000 	C:\WINDOWS\SYSTEM32\windows.storage.dll
0x00007ff804800000 - 0x00007ff8048eb000 	C:\WINDOWS\System32\SHCORE.dll
0x00007ff802b70000 - 0x00007ff802bcd000 	C:\WINDOWS\System32\shlwapi.dll
0x00007ff801e50000 - 0x00007ff801e7f000 	C:\WINDOWS\SYSTEM32\profapi.dll
0x00007fff817e0000 - 0x00007fff817f8000 	c:\Users\Deton\.vscode\extensions\redhat.java-1.41.1-win32-x64\jre\21.0.6-win32-x86_64\bin\zip.dll
0x00007fffde8a0000 - 0x00007fffde8b0000 	C:\Users\Deton\.vscode\extensions\redhat.java-1.41.1-win32-x64\jre\21.0.6-win32-x86_64\bin\net.dll
0x00007ffffaea0000 - 0x00007ffffafbe000 	C:\WINDOWS\SYSTEM32\WINHTTP.dll
0x00007ff801220000 - 0x00007ff80128a000 	C:\WINDOWS\system32\mswsock.dll
0x00007fff81590000 - 0x00007fff815a6000 	C:\Users\Deton\.vscode\extensions\redhat.java-1.41.1-win32-x64\jre\21.0.6-win32-x86_64\bin\nio.dll
0x00007fffde870000 - 0x00007fffde880000 	c:\Users\Deton\.vscode\extensions\redhat.java-1.41.1-win32-x64\jre\21.0.6-win32-x86_64\bin\verify.dll
0x00007fff82b10000 - 0x00007fff82b55000 	C:\Users\Deton\AppData\Roaming\Code\User\globalStorage\redhat.java\1.41.1\config_win\org.eclipse.equinox.launcher\org.eclipse.equinox.launcher.win32.win32.x86_64_1.2.1300.v20250331-1702\eclipse_11911.dll
0x00007ff804900000 - 0x00007ff804a95000 	C:\WINDOWS\System32\ole32.dll
0x00007ff8015d0000 - 0x00007ff8015ec000 	C:\WINDOWS\SYSTEM32\CRYPTSP.dll
0x00007ff800c80000 - 0x00007ff800cba000 	C:\WINDOWS\system32\rsaenh.dll
0x00007ff8012c0000 - 0x00007ff8012eb000 	C:\WINDOWS\SYSTEM32\USERENV.dll
0x00007ff801760000 - 0x00007ff801786000 	C:\WINDOWS\SYSTEM32\bcrypt.dll
0x00007ff801450000 - 0x00007ff80145c000 	C:\WINDOWS\SYSTEM32\CRYPTBASE.dll
0x00007ff800740000 - 0x00007ff800773000 	C:\WINDOWS\SYSTEM32\IPHLPAPI.DLL
0x00007ff8048f0000 - 0x00007ff8048fa000 	C:\WINDOWS\System32\NSI.dll
0x00007ffffcee0000 - 0x00007ffffcf29000 	C:\Users\Deton\AppData\Local\Temp\jna-65923346\jna13696808534572223979.dll
0x00007ff803000000 - 0x00007ff803008000 	C:\WINDOWS\System32\PSAPI.DLL

dbghelp: loaded successfully - version: 4.0.5 - missing functions: none
symbol engine: initialized successfully - sym options: 0x614 - pdb path: .;c:\Users\Deton\.vscode\extensions\redhat.java-1.41.1-win32-x64\jre\21.0.6-win32-x86_64\bin;C:\WINDOWS\SYSTEM32;C:\WINDOWS\WinSxS\amd64_microsoft.windows.common-controls_6595b64144ccf1df_6.0.26100.3323_none_3e088096e3344490;c:\Users\Deton\.vscode\extensions\redhat.java-1.41.1-win32-x64\jre\21.0.6-win32-x86_64\bin\server;C:\Users\Deton\AppData\Roaming\Code\User\globalStorage\redhat.java\1.41.1\config_win\org.eclipse.equinox.launcher\org.eclipse.equinox.launcher.win32.win32.x86_64_1.2.1300.v20250331-1702;C:\Users\Deton\AppData\Local\Temp\jna-65923346

VM Arguments:
jvm_args: --add-modules=ALL-SYSTEM --add-opens=java.base/java.util=ALL-UNNAMED --add-opens=java.base/java.lang=ALL-UNNAMED --add-opens=java.base/sun.nio.fs=ALL-UNNAMED -Declipse.application=org.eclipse.jdt.ls.core.id1 -Dosgi.bundles.defaultStartLevel=4 -Declipse.product=org.eclipse.jdt.ls.core.product -Djava.import.generatesMetadataFilesAtProjectRoot=false -DDetectVMInstallationsJob.disabled=true -Dfile.encoding=utf8 -XX:+UseParallelGC -XX:GCTimeRatio=4 -XX:AdaptiveSizePolicyWeight=90 -Dsun.zip.disableMemoryMapping=true -Xmx1G -Xms100m -Xlog:disable -javaagent:c:\Users\Deton\.vscode\extensions\redhat.java-1.41.1-win32-x64\lombok\lombok-1.18.36.jar -XX:+HeapDumpOnOutOfMemoryError -XX:HeapDumpPath=c:\Users\Deton\AppData\Roaming\Code\User\workspaceStorage\4756f08541124c34bd1d2c890ec52577\redhat.java -Daether.dependencyCollector.impl=bf 
java_command: c:\Users\Deton\.vscode\extensions\redhat.java-1.41.1-win32-x64\server\plugins\org.eclipse.equinox.launcher_1.7.0.v20250331-1702.jar -configuration c:\Users\Deton\AppData\Roaming\Code\User\globalStorage\redhat.java\1.41.1\config_win -data c:\Users\Deton\AppData\Roaming\Code\User\workspaceStorage\4756f08541124c34bd1d2c890ec52577\redhat.java\jdt_ws --pipe=\\.\pipe\lsp-d07f57c104b07f93118d18c29dc9bdfe-sock
java_class_path (initial): c:\Users\Deton\.vscode\extensions\redhat.java-1.41.1-win32-x64\server\plugins\org.eclipse.equinox.launcher_1.7.0.v20250331-1702.jar
Launcher Type: SUN_STANDARD

[Global flags]
    uintx AdaptiveSizePolicyWeight                 = 90                                        {product} {command line}
     intx CICompilerCount                          = 4                                         {product} {ergonomic}
    uintx GCTimeRatio                              = 4                                         {product} {command line}
     bool HeapDumpOnOutOfMemoryError               = true                                   {manageable} {command line}
    ccstr HeapDumpPath                             = c:\Users\Deton\AppData\Roaming\Code\User\workspaceStorage\4756f08541124c34bd1d2c890ec52577\redhat.java         {manageable} {command line}
   size_t InitialHeapSize                          = 104857600                                 {product} {command line}
   size_t MaxHeapSize                              = 1073741824                                {product} {command line}
   size_t MaxNewSize                               = 357564416                                 {product} {ergonomic}
   size_t MinHeapDeltaBytes                        = 524288                                    {product} {ergonomic}
   size_t MinHeapSize                              = 104857600                                 {product} {command line}
   size_t NewSize                                  = 34603008                                  {product} {ergonomic}
    uintx NonNMethodCodeHeapSize                   = 5839372                                {pd product} {ergonomic}
    uintx NonProfiledCodeHeapSize                  = 122909434                              {pd product} {ergonomic}
   size_t OldSize                                  = 70254592                                  {product} {ergonomic}
    uintx ProfiledCodeHeapSize                     = 122909434                              {pd product} {ergonomic}
    uintx ReservedCodeCacheSize                    = 251658240                              {pd product} {ergonomic}
     bool SegmentedCodeCache                       = true                                      {product} {ergonomic}
   size_t SoftMaxHeapSize                          = 1073741824                             {manageable} {ergonomic}
     bool UseCompressedOops                        = true                           {product lp64_product} {ergonomic}
     bool UseLargePagesIndividualAllocation        = false                                  {pd product} {ergonomic}
     bool UseParallelGC                            = true                                      {product} {command line}

Logging:
Log output configuration:
 #0: stdout all=off uptime,level,tags foldmultilines=false
 #1: stderr all=off uptime,level,tags foldmultilines=false

Environment Variables:
JAVA_HOME=C:\Program Files\Microsoft\jdk-17.0.14.7-hotspot\
PATH=C:\Program Files\Common Files\Oracle\Java\javapath;C:\Program Files\Microsoft\jdk-17.0.14.7-hotspot\bin;C:\WINDOWS\system32;C:\WINDOWS;C:\WINDOWS\System32\Wbem;C:\WINDOWS\System32\WindowsPowerShell\v1.0\;C:\WINDOWS\System32\OpenSSH\;C:\Program Files\nodejs\;C:\Program Files\Git\cmd;C:\ProgramData\chocolatey\bin;C:\Users\Deton\AppData\Local\Programs\Eclipse Adoptium\jdk-21.0.6.7-hotspot\bin;C:\Users\Deton\AppData\Local\Microsoft\WindowsApps;E:\Microsoft VS Code\bin;C:\Users\Deton\AppData\Roaming\npm;C:\Users\Deton\AppData\Local\Android\Sdk\platform-tools;
USERNAME=Deton
OS=Windows_NT
PROCESSOR_IDENTIFIER=AMD64 Family 25 Model 80 Stepping 0, AuthenticAMD
TMP=C:\Users\Deton\AppData\Local\Temp
TEMP=C:\Users\Deton\AppData\Local\Temp




Periodic native trim disabled

---------------  S Y S T E M  ---------------

OS:
 Windows 11 , 64 bit Build 26100 (10.0.26100.3323)
OS uptime: 0 days 4:37 hours
Hyper-V role detected

CPU: total 12 (initial active 12) (12 cores per cpu, 2 threads per core) family 25 model 80 stepping 0 microcode 0xa50000f, cx8, cmov, fxsr, ht, mmx, 3dnowpref, sse, sse2, sse3, ssse3, sse4a, sse4.1, sse4.2, popcnt, lzcnt, tsc, tscinvbit, avx, avx2, aes, erms, clmul, bmi1, bmi2, adx, sha, fma, vzeroupper, clflush, clflushopt, hv, rdtscp, rdpid, fsrm, f16c, cet_ss
Processor Information for the first 12 processors :
  Max Mhz: 3600, Current Mhz: 3600, Mhz Limit: 3600

Memory: 4k page, system-wide physical 16255M (2694M free)
TotalPageFile size 30452M (AvailPageFile size 10M)
current process WorkingSet (physical memory assigned to process): 203M, peak: 206M
current process commit charge ("private bytes"): 301M, peak: 302M

vm_info: OpenJDK 64-Bit Server VM (21.0.6+7-LTS) for windows-amd64 JRE (21.0.6+7-LTS), built on 2025-01-21T00:00:00Z by "admin" with MS VC++ 17.7 (VS2022)

END.
